Log file open, 07/13/16 17:31:30
LogInit:Display: Running engine for game: BoardVR
LogPlatformFile: Not using cached read wrapper
LogInit:Display: RandInit(-505007937) SRandInit(-505007935).
LogTaskGraph: Started task graph with 4 named threads and 7 total threads with 1 sets of task threads.
LogStats: Stats thread started at 0.074672
LogInit: Version: 4.12.5-3039270+++UE4+Release-4.12
LogInit: API Version: 2992821
LogInit: Net Version: 3039270
LogDevObjectVersion: Number of dev versions registered: 13
LogDevObjectVersion:   Dev-Blueprints (B0D832E4-1F89-4F0D-ACCF-7EB736FD4AA2): 3
LogDevObjectVersion:   Dev-Build (E1C64328-A22C-4D53-A36C-8E866417BD8C): 0
LogDevObjectVersion:   Dev-Core (375EC13C-06E4-48FB-B500-84F0262A717E): 1
LogDevObjectVersion:   Dev-Editor (E4B068ED-F494-42E9-A231-DA0B2E46BB41): 2
LogDevObjectVersion:   Dev-Framework (CFFC743F-43B0-4480-9391-14DF171D2073): 6
LogDevObjectVersion:   Dev-Mobile (B02B49B5-BB20-44E9-A304-32B752E40360): 0
LogDevObjectVersion:   Dev-Networking (A4E4105C-59A1-49B5-A7C5-40C4547EDFEE): 0
LogDevObjectVersion:   Dev-Online (39C831C9-5AE6-47DC-9A44-9C173E1C8E7C): 0
LogDevObjectVersion:   Dev-Physics (78F01B33-EBEA-4F98-B9B4-84EACCB95AA2): 0
LogDevObjectVersion:   Dev-Platform (6631380F-2D4D-43E0-8009-CF276956A95A): 0
LogDevObjectVersion:   Dev-Rendering (12F88B9F-8875-4AFC-A67C-D90C383ABD29): 2
LogDevObjectVersion:   Dev-Sequencer (7B5AE74C-D270-4C10-A958-57980B212A5A): 0
LogDevObjectVersion:   Dev-VR (D7296918-1DD6-4BDD-9DE2-64A83CC13884): 0
LogInit: Compiled (64-bit): Jul  6 2016 09:09:46
LogInit: Compiled with Visual C++: 19.00.23026.00
LogInit: Build Configuration: Development
LogInit: Branch Name: ++UE4+Release-4.12
LogInit: Command line: -EpicPortal 
LogInit: Base directory: C:/Program Files (x86)/Epic Games/4.12/Engine/Binaries/Win64/
LogInit: Installed Engine Build: 1
LogInit: Using libcurl 7.41.0
LogInit:  - built for x86_64-pc-win32
LogInit:  - supports SSL with WinSSL
LogInit:  - other features:
LogInit:      CURL_VERSION_SSL
LogInit:      CURL_VERSION_IPV6
LogInit:      CURL_VERSION_ASYNCHDNS
LogInit:      CURL_VERSION_LARGEFILE
LogInit:      CURL_VERSION_IDN
LogInit:  CurlRequestOptions (configurable via config and command line):
LogInit:  - bVerifyPeer = true  - Libcurl will verify peer certificate
LogInit:  - bUseHttpProxy = false  - Libcurl will NOT use HTTP proxy
LogInit:  - bDontReuseConnections = false  - Libcurl will reuse connections
LogInit:  - CertBundlePath = nullptr  - Libcurl will use whatever was configured at build time.
LogInit: Presizing for max 8388607 objects, including 0 objects not considered by GC, pre-allocating 0 bytes for permanent pool.
LogInit: Object subsystem initialized
[2016.07.13-15.31.30:771][  0]LogInit: Selected Device Profile: [Windows]
[2016.07.13-15.31.30:771][  0]LogInit: Applying CVar settings loaded from the selected device profile: [Windows]
[2016.07.13-15.31.30:777][  0]LogInit: Computer: DESKTOP-791D2JL
[2016.07.13-15.31.30:777][  0]LogInit: User: Rutger
[2016.07.13-15.31.30:777][  0]LogInit: CPU Page size=65536, Cores=4
[2016.07.13-15.31.30:777][  0]LogInit: High frequency timer resolution =3.914061 MHz
[2016.07.13-15.31.30:778][  0]LogMemory: Memory total: Physical=16.0GB (16GB approx)
[2016.07.13-15.31.30:778][  0]LogMemory: Platform Memory Stats for Windows
[2016.07.13-15.31.30:778][  0]LogMemory: Process Physical Memory: 190.61 MB used, 190.61 MB peak
[2016.07.13-15.31.30:778][  0]LogMemory: Process Virtual Memory: 195.20 MB used, 195.20 MB peak
[2016.07.13-15.31.30:778][  0]LogMemory: Physical Memory: 7239.55 MB used, 16333.63 MB total
[2016.07.13-15.31.30:778][  0]LogMemory: Virtual Memory: 554.61 MB used, 134217728.00 MB total
[2016.07.13-15.31.30:802][  0]LogTextLocalizationManager: No translations for ('nl-NL') exist, falling back to 'en' for localization and internationalization data.
[2016.07.13-15.31.31:114][  0]LogD3D11RHI: D3D11 adapters:
[2016.07.13-15.31.31:136][  0]LogD3D11RHI:    0. 'NVIDIA GeForce GTX 980 Ti' (Feature Level 11_0)
[2016.07.13-15.31.31:136][  0]LogD3D11RHI:       6047/0/8166 MB DedicatedVideo/DedicatedSystem/SharedSystem, Outputs:1, VendorId:0x10de
[2016.07.13-15.31.31:137][  0]LogD3D11RHI:    1. 'Microsoft Basic Render Driver' (Feature Level 11_0)
[2016.07.13-15.31.31:137][  0]LogD3D11RHI:       0/0/8166 MB DedicatedVideo/DedicatedSystem/SharedSystem, Outputs:0, VendorId:0x1414
[2016.07.13-15.31.31:137][  0]LogD3D11RHI: Chosen D3D11 Adapter: 0
[2016.07.13-15.31.31:141][  0]LogD3D11RHI: Creating new Direct3DDevice
[2016.07.13-15.31.31:141][  0]LogD3D11RHI:     GPU DeviceId: 0x17c8 (for the marketing name, search the web for "GPU Device Id")
[2016.07.13-15.31.31:141][  0]LogWindows: EnumDisplayDevices:
[2016.07.13-15.31.31:141][  0]LogWindows:    0. 'NVIDIA GeForce GTX 980 Ti' (P:1 D:1)
[2016.07.13-15.31.31:141][  0]LogWindows:    1. 'NVIDIA GeForce GTX 980 Ti' (P:0 D:0)
[2016.07.13-15.31.31:141][  0]LogWindows:    2. 'NVIDIA GeForce GTX 980 Ti' (P:0 D:0)
[2016.07.13-15.31.31:141][  0]LogWindows:    3. 'NVIDIA GeForce GTX 980 Ti' (P:0 D:0)
[2016.07.13-15.31.31:142][  0]LogWindows: DebugString: FoundDriverCount:4 
[2016.07.13-15.31.31:142][  0]LogD3D11RHI:     Adapter Name: NVIDIA GeForce GTX 980 Ti
[2016.07.13-15.31.31:142][  0]LogD3D11RHI:   Driver Version: 368.22 (internal:10.18.13.6822, unified:368.22)
[2016.07.13-15.31.31:142][  0]LogD3D11RHI:      Driver Date: 5-19-2016
[2016.07.13-15.31.31:142][  0]LogRHI: Texture pool is 1361 MB (70% of 1945 MB)
[2016.07.13-15.31.31:152][  0]LogD3D11RHI: Async texture creation enabled
[2016.07.13-15.31.31:161][  0]LogD3D11RHI: GPU Timing Frequency: 1000.000000 (Debug: 2 1)
[2016.07.13-15.31.31:161][  0]LogShaderCompilers: Guid format shader working directory is -2 characters bigger than the processId version (X:/Users/Rutger/Documents/GitHub/BoardVR/BoardVR/Intermediate/Shaders/WorkingDirectory/12204/).
[2016.07.13-15.31.31:161][  0]LogShaderCompilers: Cleaned the shader compiler working directory 'C:/Users/Rutger/AppData/Local/Temp/UnrealShaderWorkingDir/3C888DA6496F237E837945898B8C88F3/'.
[2016.07.13-15.31.31:161][  0]LogShaderCompilers:Display: Using Local Shader Compiler.
[2016.07.13-15.31.31:954][  0]LogTemp:Display: Loaded TP AllDesktopTargetPlatform
[2016.07.13-15.31.31:963][  0]LogTemp:Display: Loaded TP WindowsClientTargetPlatform
[2016.07.13-15.31.31:970][  0]LogTemp:Display: Loaded TP WindowsNoEditorTargetPlatform
[2016.07.13-15.31.31:978][  0]LogTemp:Display: Loaded TP WindowsServerTargetPlatform
[2016.07.13-15.31.31:985][  0]LogTemp:Display: Loaded TP WindowsTargetPlatform
[2016.07.13-15.31.31:991][  0]LogTemp:Display: Loaded TP AndroidTargetPlatform
[2016.07.13-15.31.31:998][  0]LogTemp:Display: Loaded TP Android_ASTCTargetPlatform
[2016.07.13-15.31.32:007][  0]LogTemp:Display: Loaded TP Android_ATCTargetPlatform
[2016.07.13-15.31.32:013][  0]LogTemp:Display: Loaded TP Android_DXTTargetPlatform
[2016.07.13-15.31.32:019][  0]LogTemp:Display: Loaded TP Android_ETC1TargetPlatform
[2016.07.13-15.31.32:024][  0]LogTemp:Display: Loaded TP Android_ETC2TargetPlatform
[2016.07.13-15.31.32:039][  0]LogTemp:Display: Loaded TP Android_MultiTargetPlatform
[2016.07.13-15.31.32:039][  0]LogTemp:Display: Loaded TP Android_PVRTCTargetPlatform
[2016.07.13-15.31.32:039][  0]LogTemp:Display: Loaded TP HTML5TargetPlatform
[2016.07.13-15.31.32:059][  0]LogTemp:Display: Loaded TP IOSTargetPlatform
[2016.07.13-15.31.32:064][  0]LogTemp:Display: Loaded TP TVOSTargetPlatform
[2016.07.13-15.31.32:070][  0]LogTemp:Display: Loaded TP LinuxNoEditorTargetPlatform
[2016.07.13-15.31.32:076][  0]LogTemp:Display: Loaded TP LinuxServerTargetPlatform
[2016.07.13-15.31.32:082][  0]LogTemp:Display: Loaded TP LinuxTargetPlatform
[2016.07.13-15.31.32:082][  0]LogTargetPlatformManager:Display: Building Assets For Windows
[2016.07.13-15.31.32:154][  0]LogDerivedDataCache:Display: Max Cache Size: 512 MB
[2016.07.13-15.31.32:192][  0]LogDerivedDataCache: Loaded boot cache 0.04s 48MB C:/Users/Rutger/AppData/Local/UnrealEngine/4.12/DerivedDataCache/Boot.ddc.
[2016.07.13-15.31.32:192][  0]LogDerivedDataCache:Display: Loaded Boot cache: C:/Users/Rutger/AppData/Local/UnrealEngine/4.12/DerivedDataCache/Boot.ddc
[2016.07.13-15.31.32:193][  0]LogDerivedDataCache: FDerivedDataBackendGraph:  Pak pak cache file X:/Users/Rutger/Documents/GitHub/BoardVR/BoardVR/DerivedDataCache/DDC.ddp not found, will not use a pak cache.
[2016.07.13-15.31.32:193][  0]LogDerivedDataCache: Unable to find inner node Pak for hierarchical cache Hierarchy.
[2016.07.13-15.31.32:193][  0]LogDerivedDataCache: FDerivedDataBackendGraph:  CompressedPak pak cache file X:/Users/Rutger/Documents/GitHub/BoardVR/BoardVR/DerivedDataCache/Compressed.ddp not found, will not use a pak cache.
[2016.07.13-15.31.32:193][  0]LogDerivedDataCache: Unable to find inner node CompressedPak for hierarchical cache Hierarchy.
[2016.07.13-15.31.32:210][  0]LogDerivedDataCache:Display: Pak cache opened for reading ../../../Engine/DerivedDataCache/Compressed.ddp.
[2016.07.13-15.31.32:222][  0]LogDerivedDataCache: Using Local data cache path C:/Users/Rutger/AppData/Local/UnrealEngine/Common/DerivedDataCache: Writable
[2016.07.13-15.31.32:360][  0]LogInit: Selected Device Profile: [Windows]
[2016.07.13-15.31.32:360][  0]LogContentStreaming: Texture pool size is 0.00 MB
[2016.07.13-15.31.32:488][  0]LogMeshUtilities: No automatic mesh reduction module available
[2016.07.13-15.31.32:488][  0]LogMeshUtilities: No automatic mesh merging module available
[2016.07.13-15.31.32:488][  0]LogMeshUtilities: No distributed automatic mesh merging module available
[2016.07.13-15.31.32:677][  0]LogAssetRegistry: FAssetRegistry took 0.0212 seconds to start up
[2016.07.13-15.31.32:689][  0]LogPackageLocalizationCache: Processed 3 localized package path(s) for 1 prioritized culture(s) in 0.009490 seconds
[2016.07.13-15.31.32:695][  0]LogUObjectArray: 28739 objects as part of root set at end of initial load.
[2016.07.13-15.31.32:695][  0]LogUObjectAllocator: 5855624 out of 0 bytes used by permanent object pool.
[2016.07.13-15.31.32:695][  0]LogUObjectArray: CloseDisregardForGC: 0/0 objects in disregard for GC pool
[2016.07.13-15.31.32:702][  0]LogInit: WinSock: version 1.1 (2.2), MaxSocks=32767, MaxUdp=65467
[2016.07.13-15.31.32:857][  0]LogSlate: SlateFontCache - WITH_FREETYPE: 1, WITH_HARFBUZZ: 1
[2016.07.13-15.31.32:857][  0]LogSlate: SlateFontCache - WITH_FREETYPE: 1, WITH_HARFBUZZ: 1
[2016.07.13-15.31.33:398][  0]LogUdpMessaging: Initializing bridge on interface 0.0.0.0:0 to multicast group 230.0.0.1:6666.
[2016.07.13-15.31.33:586][  0]SourceControl: Info Source control is disabled
[2016.07.13-15.31.33:587][  0]SourceControl: Info Source control is disabled
[2016.07.13-15.31.33:594][  0]SourceControl: Info Source control is disabled
[2016.07.13-15.31.33:600][  0]SourceControl: Info Source control is disabled
[2016.07.13-15.31.33:775][  0]LogEngine: Initializing Engine...
[2016.07.13-15.31.33:792][  0]LogHMD: SteamVR initialized.  Driver: lighthouse  Display: LHR-9BD25E82
[2016.07.13-15.31.33:804][  0]LogHMD: SteamVR initialized.  Driver: lighthouse  Display: LHR-9BD25E82
[2016.07.13-15.31.33:921][  0]LogAIModule: Creating AISystem for world NewWorld
[2016.07.13-15.31.33:935][  0]LogInit: XAudio2 using 'Luidsprekers (Logicool G430 Gaming Headset)' : 2 channels at 44.1 kHz using 16 bits per sample (channel mask 0x3)
[2016.07.13-15.31.33:942][  0]LogInit: FAudioDevice initialized.
[2016.07.13-15.31.33:964][  0]LogDerivedDataCache: Saved boot cache 0.02s 48MB C:/Users/Rutger/AppData/Local/UnrealEngine/4.12/DerivedDataCache/Boot.ddc.
[2016.07.13-15.31.33:970][  0]LogInit: Texture streaming: Enabled
[2016.07.13-15.31.34:016][  0]LogInit: Transaction tracking system initialized
[2016.07.13-15.31.34:043][  0]BlueprintLog: New page: Editor Load
[2016.07.13-15.31.34:117][  0]LogInit:Warning: CVar named 'r.MobileHDR' marked up in RendererSettings was not found or is set to read-only
[2016.07.13-15.31.34:764][  0]LocalizationService: Info Localization service is disabled
[2016.07.13-15.31.34:849][  0]LogConsoleResponse:Display: 
[2016.07.13-15.31.34:945][  0]LogFileCache: Scanning file cache for directory 'X:/Users/Rutger/Documents/GitHub/BoardVR/BoardVR/Content/' took 0.01s
[2016.07.13-15.31.34:945][  0]LogCook:Display: Max memory allowance for cook 8192mb
[2016.07.13-15.31.34:945][  0]LogCook:Display: Mobile HDR setting 1
[2016.07.13-15.31.35:043][  0]SourceControl: Info Source control is disabled
[2016.07.13-15.31.35:043][  0]Cmd: MAP LOAD FILE="../../../Engine/Content/Maps/Templates/Template_Default.umap" TEMPLATE=1 SHOWPROGRESS=1 FEATURELEVEL=3
[2016.07.13-15.31.35:044][  0]LightingResults: New page: Lighting Build
[2016.07.13-15.31.35:047][  0]MapCheck: New page: Map Check
[2016.07.13-15.31.35:047][  0]LightingResults: New page: Lighting Build
[2016.07.13-15.31.35:259][  0]LogAIModule: Creating AISystem for world Untitled_1
[2016.07.13-15.31.35:262][  0]LogEditorServer: Finished looking for orphan Actors (0.000 secs)
[2016.07.13-15.31.35:266][  0]Cmd: MAP CHECKDEP NOCLEARLOG
[2016.07.13-15.31.35:296][  0]MapCheck: Info Map check complete: 0 Error(s), 0 Warning(s), took 29.973ms to complete.
[2016.07.13-15.31.35:296][  0]LogFileHelpers: Loading map 'Template_Default' took 0.253
[2016.07.13-15.31.35:394][  0]LogCollectionManager: Loaded 0 collections in 0.001714 seconds
[2016.07.13-15.31.35:433][  0]LogFileCache: Scanning file cache for directory 'X:/Users/Rutger/Documents/GitHub/BoardVR/BoardVR/Saved/Collections/' took 0.01s
[2016.07.13-15.31.35:433][  0]LogFileCache: Scanning file cache for directory 'X:/Users/Rutger/Documents/GitHub/BoardVR/BoardVR/Content/Developers/Rutger/Collections/' took 0.01s
[2016.07.13-15.31.35:433][  0]LogFileCache: Scanning file cache for directory 'X:/Users/Rutger/Documents/GitHub/BoardVR/BoardVR/Content/Collections/' took 0.01s
[2016.07.13-15.31.35:433][  0]LogCollectionManager: Rebuilt the GUID cache for 0 collections in 0.000002 seconds
[2016.07.13-15.31.35:442][  0]LogContentBrowser: Native class hierarchy populated in 0.0088 seconds. Added 2048 classes and 371 folders.
[2016.07.13-15.31.35:446][  0]LogStats: UGameplayTagsManager::ConstructGameplayTagTree: Construct from data asset -  0.000 s
[2016.07.13-15.31.35:446][  0]LogStats: UGameplayTagsManager::ConstructGameplayTagTree: GameplayTagTreeChangedEvent.Broadcast -  0.000 s
[2016.07.13-15.31.35:448][  0]LogContentBrowser: Native class hierarchy updated for 'GameplayTags' in 0.0014 seconds. Added 12 classes and 0 folders.
[2016.07.13-15.31.35:456][  0]LogContentBrowser: Native class hierarchy updated for 'WidgetCarousel' in 0.0011 seconds. Added 0 classes and 0 folders.
[2016.07.13-15.31.35:488][  0]LogContentBrowser: Native class hierarchy updated for 'AddContentDialog' in 0.0010 seconds. Added 0 classes and 0 folders.
[2016.07.13-15.31.35:492][  0]LogContentBrowser: Native class hierarchy updated for 'SceneOutliner' in 0.0009 seconds. Added 1 classes and 2 folders.
[2016.07.13-15.31.35:508][  0]LogCrashTracker: Crashtracker disabled due to settings.
[2016.07.13-15.31.35:513][  0]LogUObjectGlobals:Warning: Failed to find object 'Class None.'
[2016.07.13-15.31.35:538][  0]LogContentBrowser: Native class hierarchy updated for 'HierarchicalLODOutliner' in 0.0007 seconds. Added 1 classes and 2 folders.
[2016.07.13-15.31.35:539][  0]LogLoad: Full Startup: 5.41 seconds (BP compile: 0.03 seconds)
[2016.07.13-15.31.35:539][  0]LogExternalProfiler: Found external profiler: VSPerf
[2016.07.13-15.31.35:539][  0]LogExternalProfiler: Using external profiler: VSPerf
[2016.07.13-15.31.35:547][  0]LogWindowsTextInputMethodSystem:Display: IME system now deactivated.
[2016.07.13-15.31.35:548][  0]LogOcInput: OculusInput pre-init called
[2016.07.13-15.31.35:568][  0]LogContentStreaming: Texture pool size now 1000 MB
[2016.07.13-15.31.35:702][  0]LogRenderer: Reallocating scene render targets to support 1056x556 (Frame:2).
[2016.07.13-15.31.35:746][  1]LogAssetRegistry: Asset discovery search completed in 3.0910 seconds
[2016.07.13-15.31.35:746][  1]LogCollectionManager: Rebuilt the object cache for 0 collections in 0.000000 seconds (found 0 objects)
[2016.07.13-15.31.35:746][  1]LogCollectionManager: Fixed up redirectors for 0 collections in 0.000019 seconds (updated 0 objects)
[2016.07.13-15.36.17:420][339]LogPlayLevel: PlayLevel: No blueprints needed recompiling
[2016.07.13-15.36.17:420][339]PIE: New page: PIE session: Untitled_1 (Jul 13, 2016, 6:36:17 PM)
[2016.07.13-15.36.17:421][339]LogPlayLevel: Creating play world package: /Temp/UEDPIE_0_Untitled_1
[2016.07.13-15.36.17:422][339]LogPlayLevel: PIE: StaticDuplicateObject took: (0.001508s)
[2016.07.13-15.36.17:423][339]LogAIModule: Creating AISystem for world Untitled_1
[2016.07.13-15.36.17:423][339]LogPlayLevel: PIE: World Init took: (0.000675s)
[2016.07.13-15.36.17:423][339]LogPlayLevel: PIE: Created PIE world by copying editor world from /Temp/Untitled_1.Untitled_1 to /Temp/UEDPIE_0_Untitled_1.Untitled_1 (0.002395s)
[2016.07.13-15.36.17:445][339]LogInit: XAudio2 using 'Luidsprekers (Logicool G430 Gaming Headset)' : 2 channels at 44.1 kHz using 16 bits per sample (channel mask 0x3)
[2016.07.13-15.36.17:451][339]LogInit: FAudioDevice initialized.
[2016.07.13-15.36.17:509][339]LogWorld: Game class is 'GameMode'
[2016.07.13-15.36.17:511][339]LogWorld: Bringing World /Temp/UEDPIE_0_Untitled_1.Untitled_1 up for play (max tick rate 0) at 2016.07.13-17.36.17
[2016.07.13-15.36.17:511][339]LogWorld: Bringing up level for play took: 0.001126
[2016.07.13-15.36.17:517][339]LogContentBrowser: Native class hierarchy updated for 'MovieSceneCapture' in 0.0007 seconds. Added 11 classes and 0 folders.
[2016.07.13-15.36.17:517][339]PIE: Info Play in editor start time for /Temp/UEDPIE_0_Untitled_1 -0.592
[2016.07.13-15.36.17:532][340]LogRenderer: Reallocating scene render targets to support 1480x776 (Frame:2572).
[2016.07.13-15.38.47:538][743]LogPlayLevel: PlayLevel: No blueprints needed recompiling
[2016.07.13-15.38.47:539][743]PIE: New page: PIE session: Untitled_1 (Jul 13, 2016, 6:38:47 PM)
[2016.07.13-15.38.47:539][743]LogPlayLevel: Creating play world package: /Temp/UEDPIE_0_Untitled_1
[2016.07.13-15.38.47:540][743]LogPlayLevel: PIE: StaticDuplicateObject took: (0.001228s)
[2016.07.13-15.38.47:540][743]LogAIModule: Creating AISystem for world Untitled_1
[2016.07.13-15.38.47:540][743]LogPlayLevel: PIE: World Init took: (0.000544s)
[2016.07.13-15.38.47:541][743]LogPlayLevel: PIE: Created PIE world by copying editor world from /Temp/Untitled_1.Untitled_1 to /Temp/UEDPIE_0_Untitled_1.Untitled_1 (0.001937s)
[2016.07.13-15.38.47:558][743]LogInit: XAudio2 using 'Luidsprekers (Logicool G430 Gaming Headset)' : 2 channels at 44.1 kHz using 16 bits per sample (channel mask 0x3)
[2016.07.13-15.38.47:563][743]LogInit: FAudioDevice initialized.
[2016.07.13-15.38.47:663][743]LogWorld: Game class is 'GameMode'
[2016.07.13-15.38.47:664][743]LogWorld: Bringing World /Temp/UEDPIE_0_Untitled_1.Untitled_1 up for play (max tick rate 0) at 2016.07.13-17.38.47
[2016.07.13-15.38.47:664][743]LogWorld: Bringing up level for play took: 0.001345
[2016.07.13-15.38.47:684][743]PIE: Info Play in editor start time for /Temp/UEDPIE_0_Untitled_1 -0.426
[2016.07.13-15.38.47:687][744]LogRenderer: Reallocating scene render targets to support 3024x1680 (Frame:5628).
[2016.07.13-15.41.24:815][468]LogMetaData: Removing '/Game/VR_Gamemode.VR_Gamemode:UserConstructionScript.K2Node_FunctionEntry_0' ref from Metadata '/Game/NewBlueprint.PackageMetaData'
[2016.07.13-15.41.24:815][468]LogMetaData: Removing '/Game/VR_Gamemode.SKEL_VR_Gamemode_C' ref from Metadata '/Game/NewBlueprint.PackageMetaData'
[2016.07.13-15.41.24:815][468]LogMetaData: Removing '/Game/VR_Gamemode.VR_Gamemode_C' ref from Metadata '/Game/NewBlueprint.PackageMetaData'
[2016.07.13-15.41.24:815][468]LogMetaData: Removing '/Game/VR_Gamemode.VR_Gamemode:EventGraph.K2Node_Event_0' ref from Metadata '/Game/NewBlueprint.PackageMetaData'
[2016.07.13-15.41.24:815][468]LogMetaData: Removing '/Game/VR_Gamemode.VR_Gamemode:EventGraph.K2Node_Event_1' ref from Metadata '/Game/NewBlueprint.PackageMetaData'
[2016.07.13-15.41.24:839][468]Cmd: OBJ SAVEPACKAGE PACKAGE="/Game/VR_Gamemode" FILE="X:/Users/Rutger/Documents/GitHub/BoardVR/BoardVR/Content/VR_Gamemode.uasset" SILENT=true
[2016.07.13-15.41.24:850][468]LogSavePackage: Save=8.20ms
[2016.07.13-15.41.24:850][468]LogSavePackage: Moving 'X:/Users/Rutger/Documents/GitHub/BoardVR/BoardVR/Saved/VR_GamemodeA0D306B341C3CF5DD2DAB099F90DFCD2.tmp' to 'X:/Users/Rutger/Documents/GitHub/BoardVR/BoardVR/Content/VR_Gamemode.uasset'
[2016.07.13-15.41.24:853][468]LogSavePackage:Display: Finished SavePackage X:/Users/Rutger/Documents/GitHub/BoardVR/BoardVR/Content/VR_Gamemode.uasset
[2016.07.13-15.41.34:659][478]Cmd: OBJ SAVEPACKAGE PACKAGE="/Game/VR_Gamemode" FILE="X:/Users/Rutger/Documents/GitHub/BoardVR/BoardVR/Content/VR_Gamemode.uasset" SILENT=true
[2016.07.13-15.41.34:670][478]LogSavePackage: Save=7.30ms
[2016.07.13-15.41.34:670][478]LogSavePackage: Moving 'X:/Users/Rutger/Documents/GitHub/BoardVR/BoardVR/Saved/VR_GamemodeD0EA8367484BAFF34C4D55B00E76DC2A.tmp' to 'X:/Users/Rutger/Documents/GitHub/BoardVR/BoardVR/Content/VR_Gamemode.uasset'
[2016.07.13-15.41.34:671][478]LogSavePackage:Display: Finished SavePackage X:/Users/Rutger/Documents/GitHub/BoardVR/BoardVR/Content/VR_Gamemode.uasset
[2016.07.13-15.42.01:013][513]LogMetaData: Removing '/Game/VR_Pawn.VR_Pawn:EventGraph.K2Node_Event_3' ref from Metadata '/Game/NewBlueprint.PackageMetaData'
[2016.07.13-15.42.01:013][513]LogMetaData: Removing '/Game/VR_Pawn.VR_Pawn:EventGraph.K2Node_Event_2' ref from Metadata '/Game/NewBlueprint.PackageMetaData'
[2016.07.13-15.42.01:013][513]LogMetaData: Removing '/Game/VR_Pawn.VR_Pawn_C' ref from Metadata '/Game/NewBlueprint.PackageMetaData'
[2016.07.13-15.42.01:013][513]LogMetaData: Removing '/Game/VR_Pawn.SKEL_VR_Pawn_C' ref from Metadata '/Game/NewBlueprint.PackageMetaData'
[2016.07.13-15.42.01:013][513]LogMetaData: Removing '/Game/VR_Pawn.VR_Pawn:UserConstructionScript.K2Node_FunctionEntry_1' ref from Metadata '/Game/NewBlueprint.PackageMetaData'
[2016.07.13-15.42.01:013][513]LogMetaData: Removing '/Game/VR_Pawn.VR_Pawn:EventGraph.K2Node_Event_4' ref from Metadata '/Game/NewBlueprint.PackageMetaData'
[2016.07.13-15.42.01:026][513]Cmd: OBJ SAVEPACKAGE PACKAGE="/Game/VR_Pawn" FILE="X:/Users/Rutger/Documents/GitHub/BoardVR/BoardVR/Content/VR_Pawn.uasset" SILENT=true
[2016.07.13-15.42.01:036][513]LogSavePackage: Save=7.19ms
[2016.07.13-15.42.01:036][513]LogSavePackage: Moving 'X:/Users/Rutger/Documents/GitHub/BoardVR/BoardVR/Saved/VR_Pawn45C09A8045CC85B703BEB68A5C62E474.tmp' to 'X:/Users/Rutger/Documents/GitHub/BoardVR/BoardVR/Content/VR_Pawn.uasset'
[2016.07.13-15.42.01:037][513]LogSavePackage:Display: Finished SavePackage X:/Users/Rutger/Documents/GitHub/BoardVR/BoardVR/Content/VR_Pawn.uasset
[2016.07.13-15.42.20:679][959]LogContentBrowser: Native class hierarchy updated for 'BlueprintGraph' in 0.0010 seconds. Added 111 classes and 0 folders.
[2016.07.13-15.42.25:855][462]LogFileHelpers: Editor autosave (incl. sublevels) for '/Temp/Untitled_1' took 0.018
[2016.07.13-15.42.25:856][462]Cmd: OBJ SAVEPACKAGE PACKAGE="/Game/NewBlueprint" FILE="X:/Users/Rutger/Documents/GitHub/BoardVR/BoardVR/Saved/Autosaves/Game/NewBlueprint_Auto1.uasset" SILENT=false AUTOSAVING=true
[2016.07.13-15.42.25:860][462]LogSavePackage: Save=2.75ms
[2016.07.13-15.42.25:860][462]LogSavePackage: Moving 'X:/Users/Rutger/Documents/GitHub/BoardVR/BoardVR/Saved/NewBlueprint_Auto1D3C6948344DD3DCB9AA50BBE07770115.tmp' to 'X:/Users/Rutger/Documents/GitHub/BoardVR/BoardVR/Saved/Autosaves/Game/NewBlueprint_Auto1.uasset'
[2016.07.13-15.42.25:860][462]LogSavePackage:Display: Finished SavePackage X:/Users/Rutger/Documents/GitHub/BoardVR/BoardVR/Saved/Autosaves/Game/NewBlueprint_Auto1.uasset
[2016.07.13-15.42.25:860][462]LogFileHelpers: Auto-saving content packages took 0.004
[2016.07.13-15.42.45:256][322]LogSlate:Warning: Prevented a slow task dialog from being summoned while a context menu was open
[2016.07.13-15.43.23:042][ 39]BlueprintLog: New page: Compile VR_GameMode
[2016.07.13-15.43.23:134][ 39]BlueprintEditorCompileResults: Info [0713.00] Compile of VR_GameMode successful! [in 92 ms] (/Game/VR_Gamemode.VR_GameMode)
[2016.07.13-15.44.54:872][803]BlueprintLog: New page: Compile VR_GameMode
[2016.07.13-15.44.54:928][803]BlueprintEditorCompileResults: Info [0804.80] Compile of VR_GameMode successful! [in 56 ms] (/Game/VR_Gamemode.VR_GameMode)
[2016.07.13-15.45.05:208][ 22]LogSlate:Warning: Prevented a slow task dialog from being summoned while a context menu was open
[2016.07.13-15.45.09:748][564]Cmd: UpdateLandscapeSetup
[2016.07.13-15.48.10:670][501]LogEditorTransaction: Undo Make New Scene Root
[2016.07.13-15.48.11:505][580]LogEditorTransaction: Undo Attach Component
[2016.07.13-15.48.15:245][ 23]LogEditorTransaction: Undo Attach Component
[2016.07.13-15.48.49:138][443]BlueprintLog: New page: Compile VR_Pawn
[2016.07.13-15.48.49:243][443]BlueprintEditorCompileResults: Info [1039.11] Compile of VR_Pawn successful! [in 104 ms] (/Game/VR_Pawn.VR_Pawn)
[2016.07.13-15.48.50:673][609]Cmd: OBJ SAVEPACKAGE PACKAGE="/Game/VR_Pawn" FILE="X:/Users/Rutger/Documents/GitHub/BoardVR/BoardVR/Content/VR_Pawn.uasset" SILENT=true
[2016.07.13-15.48.50:689][609]LogSavePackage: Save=10.49ms
[2016.07.13-15.48.50:689][609]LogSavePackage: Moving 'X:/Users/Rutger/Documents/GitHub/BoardVR/BoardVR/Saved/VR_Pawn3E6833E14DE199CF97CB53AD127A6FDC.tmp' to 'X:/Users/Rutger/Documents/GitHub/BoardVR/BoardVR/Content/VR_Pawn.uasset'
[2016.07.13-15.48.50:690][609]LogSavePackage:Display: Finished SavePackage X:/Users/Rutger/Documents/GitHub/BoardVR/BoardVR/Content/VR_Pawn.uasset
[2016.07.13-15.48.55:783][212]Cmd: OBJ SAVEPACKAGE PACKAGE="/Game/VR_Gamemode" FILE="X:/Users/Rutger/Documents/GitHub/BoardVR/BoardVR/Content/VR_Gamemode.uasset" SILENT=true
[2016.07.13-15.48.55:795][212]LogSavePackage: Save=7.32ms
[2016.07.13-15.48.55:795][212]LogSavePackage: Moving 'X:/Users/Rutger/Documents/GitHub/BoardVR/BoardVR/Saved/VR_Gamemode4E7C66794CE3B252CEEF1EBA1400DD9C.tmp' to 'X:/Users/Rutger/Documents/GitHub/BoardVR/BoardVR/Content/VR_Gamemode.uasset'
[2016.07.13-15.48.55:795][212]LogSavePackage:Display: Finished SavePackage X:/Users/Rutger/Documents/GitHub/BoardVR/BoardVR/Content/VR_Gamemode.uasset
[2016.07.13-15.49.30:903][537]LogEditorViewport: Clicking on Actor (LMB): StaticMeshActor (Floor)
[2016.07.13-15.50.18:411][872]Cmd: OBJ SAVEPACKAGE PACKAGE="/Game/VR_Gamemode" FILE="X:/Users/Rutger/Documents/GitHub/BoardVR/BoardVR/Content/VR_Gamemode.uasset" SILENT=true
[2016.07.13-15.50.18:419][872]LogSavePackage: Save=7.62ms
[2016.07.13-15.50.18:419][872]LogSavePackage: Moving 'X:/Users/Rutger/Documents/GitHub/BoardVR/BoardVR/Saved/VR_GamemodeCF42CD4E445514E81FA1408145F831A5.tmp' to 'X:/Users/Rutger/Documents/GitHub/BoardVR/BoardVR/Content/VR_Gamemode.uasset'
[2016.07.13-15.50.18:420][872]LogSavePackage:Display: Finished SavePackage X:/Users/Rutger/Documents/GitHub/BoardVR/BoardVR/Content/VR_Gamemode.uasset
[2016.07.13-15.50.19:825][ 40]BlueprintLog: New page: Compile VR_GameMode
[2016.07.13-15.50.19:883][ 40]BlueprintEditorCompileResults: Info [1129.75] Compile of VR_GameMode successful! [in 58 ms] (/Game/VR_Gamemode.VR_GameMode)
[2016.07.13-15.50.20:751][142]BlueprintLog: New page: Compile VR_Pawn
[2016.07.13-15.50.20:807][142]BlueprintEditorCompileResults: Info [1130.67] Compile of VR_Pawn successful! [in 56 ms] (/Game/VR_Pawn.VR_Pawn)
[2016.07.13-15.50.21:199][185]Cmd: OBJ SAVEPACKAGE PACKAGE="/Game/VR_Pawn" FILE="X:/Users/Rutger/Documents/GitHub/BoardVR/BoardVR/Content/VR_Pawn.uasset" SILENT=true
[2016.07.13-15.50.21:209][185]LogSavePackage: Save=9.26ms
[2016.07.13-15.50.21:209][185]LogSavePackage: Moving 'X:/Users/Rutger/Documents/GitHub/BoardVR/BoardVR/Saved/VR_Pawn73088FE54B5B715E635FA88C2CB13400.tmp' to 'X:/Users/Rutger/Documents/GitHub/BoardVR/BoardVR/Content/VR_Pawn.uasset'
[2016.07.13-15.50.21:210][185]LogSavePackage:Display: Finished SavePackage X:/Users/Rutger/Documents/GitHub/BoardVR/BoardVR/Content/VR_Pawn.uasset
[2016.07.13-15.50.28:810][ 89]LogPlayLevel: PlayLevel: No blueprints needed recompiling
[2016.07.13-15.50.28:810][ 89]PIE: New page: PIE session: Untitled_1 (Jul 13, 2016, 6:50:28 PM)
[2016.07.13-15.50.28:810][ 89]LogPlayLevel: Creating play world package: /Temp/UEDPIE_0_Untitled_1
[2016.07.13-15.50.28:811][ 89]LogPlayLevel: PIE: StaticDuplicateObject took: (0.001659s)
[2016.07.13-15.50.28:812][ 89]LogAIModule: Creating AISystem for world Untitled_1
[2016.07.13-15.50.28:812][ 89]LogPlayLevel: PIE: World Init took: (0.000795s)
[2016.07.13-15.50.28:812][ 89]LogPlayLevel: PIE: Created PIE world by copying editor world from /Temp/Untitled_1.Untitled_1 to /Temp/UEDPIE_0_Untitled_1.Untitled_1 (0.002618s)
[2016.07.13-15.50.28:835][ 89]LogInit: XAudio2 using 'Luidsprekers (Logicool G430 Gaming Headset)' : 2 channels at 44.1 kHz using 16 bits per sample (channel mask 0x3)
[2016.07.13-15.50.28:841][ 89]LogInit: FAudioDevice initialized.
[2016.07.13-15.50.28:947][ 89]LogWorld: Game class is 'VR_GameMode_C'
[2016.07.13-15.50.28:949][ 89]LogWorld: Bringing World /Temp/UEDPIE_0_Untitled_1.Untitled_1 up for play (max tick rate 0) at 2016.07.13-17.50.28
[2016.07.13-15.50.28:950][ 89]LogWorld: Bringing up level for play took: 0.001131
[2016.07.13-15.50.28:990][ 89]PIE: Info Play in editor start time for /Temp/UEDPIE_0_Untitled_1 0.88
[2016.07.13-15.51.31:961][ 45]BlueprintLog: New page: Compile VR_Pawn
[2016.07.13-15.51.32:017][ 45]BlueprintEditorCompileResults: Info [1201.88] Compile of VR_Pawn successful! [in 56 ms] (/Game/VR_Pawn.VR_Pawn)
[2016.07.13-15.51.32:905][145]Cmd: OBJ SAVEPACKAGE PACKAGE="/Game/VR_Pawn" FILE="X:/Users/Rutger/Documents/GitHub/BoardVR/BoardVR/Content/VR_Pawn.uasset" SILENT=true
[2016.07.13-15.51.32:916][145]LogSavePackage: Save=9.57ms
[2016.07.13-15.51.32:916][145]LogSavePackage: Moving 'X:/Users/Rutger/Documents/GitHub/BoardVR/BoardVR/Saved/VR_Pawn48CEB793489E88AB941B769AB717F0A6.tmp' to 'X:/Users/Rutger/Documents/GitHub/BoardVR/BoardVR/Content/VR_Pawn.uasset'
[2016.07.13-15.51.32:917][145]LogSavePackage:Display: Finished SavePackage X:/Users/Rutger/Documents/GitHub/BoardVR/BoardVR/Content/VR_Pawn.uasset
[2016.07.13-15.51.36:834][417]LogPlayLevel: PlayLevel: No blueprints needed recompiling
[2016.07.13-15.51.36:834][417]PIE: New page: PIE session: Untitled_1 (Jul 13, 2016, 6:51:36 PM)
[2016.07.13-15.51.36:834][417]LogPlayLevel: Creating play world package: /Temp/UEDPIE_0_Untitled_1
[2016.07.13-15.51.36:835][417]LogPlayLevel: PIE: StaticDuplicateObject took: (0.001370s)
[2016.07.13-15.51.36:835][417]LogAIModule: Creating AISystem for world Untitled_1
[2016.07.13-15.51.36:835][417]LogPlayLevel: PIE: World Init took: (0.000585s)
[2016.07.13-15.51.36:836][417]LogPlayLevel: PIE: Created PIE world by copying editor world from /Temp/Untitled_1.Untitled_1 to /Temp/UEDPIE_0_Untitled_1.Untitled_1 (0.002154s)
[2016.07.13-15.51.36:860][417]LogInit: XAudio2 using 'Luidsprekers (Logicool G430 Gaming Headset)' : 2 channels at 44.1 kHz using 16 bits per sample (channel mask 0x3)
[2016.07.13-15.51.36:865][417]LogInit: FAudioDevice initialized.
[2016.07.13-15.51.36:972][417]LogWorld: Game class is 'VR_GameMode_C'
[2016.07.13-15.51.36:974][417]LogWorld: Bringing World /Temp/UEDPIE_0_Untitled_1.Untitled_1 up for play (max tick rate 0) at 2016.07.13-17.51.36
[2016.07.13-15.51.36:975][417]LogWorld: Bringing up level for play took: 0.001223
[2016.07.13-15.51.37:023][417]PIE: Info Play in editor start time for /Temp/UEDPIE_0_Untitled_1 0.913
[2016.07.13-15.52.06:383][362]BlueprintLog: New page: Compile VR_Pawn
[2016.07.13-15.52.06:440][362]BlueprintEditorCompileResults: Info [1236.31] Compile of VR_Pawn successful! [in 57 ms] (/Game/VR_Pawn.VR_Pawn)
[2016.07.13-15.52.07:039][429]Cmd: OBJ SAVEPACKAGE PACKAGE="/Game/VR_Pawn" FILE="X:/Users/Rutger/Documents/GitHub/BoardVR/BoardVR/Content/VR_Pawn.uasset" SILENT=true
[2016.07.13-15.52.07:048][429]LogSavePackage: Save=8.89ms
[2016.07.13-15.52.07:048][429]LogSavePackage: Moving 'X:/Users/Rutger/Documents/GitHub/BoardVR/BoardVR/Saved/VR_Pawn71EFD56441E6B9CA68B0F1A6DBA5A377.tmp' to 'X:/Users/Rutger/Documents/GitHub/BoardVR/BoardVR/Content/VR_Pawn.uasset'
[2016.07.13-15.52.07:049][429]LogSavePackage:Display: Finished SavePackage X:/Users/Rutger/Documents/GitHub/BoardVR/BoardVR/Content/VR_Pawn.uasset
[2016.07.13-15.52.11:034][901]LogPlayLevel: PlayLevel: No blueprints needed recompiling
[2016.07.13-15.52.11:034][901]PIE: New page: PIE session: Untitled_1 (Jul 13, 2016, 6:52:11 PM)
[2016.07.13-15.52.11:034][901]LogPlayLevel: Creating play world package: /Temp/UEDPIE_0_Untitled_1
[2016.07.13-15.52.11:035][901]LogPlayLevel: PIE: StaticDuplicateObject took: (0.001118s)
[2016.07.13-15.52.11:035][901]LogAIModule: Creating AISystem for world Untitled_1
[2016.07.13-15.52.11:035][901]LogPlayLevel: PIE: World Init took: (0.000468s)
[2016.07.13-15.52.11:035][901]LogPlayLevel: PIE: Created PIE world by copying editor world from /Temp/Untitled_1.Untitled_1 to /Temp/UEDPIE_0_Untitled_1.Untitled_1 (0.001736s)
[2016.07.13-15.52.11:058][901]LogInit: XAudio2 using 'Luidsprekers (Logicool G430 Gaming Headset)' : 2 channels at 44.1 kHz using 16 bits per sample (channel mask 0x3)
[2016.07.13-15.52.11:064][901]LogInit: FAudioDevice initialized.
[2016.07.13-15.52.11:172][901]LogWorld: Game class is 'VR_GameMode_C'
[2016.07.13-15.52.11:173][901]LogWorld: Bringing World /Temp/UEDPIE_0_Untitled_1.Untitled_1 up for play (max tick rate 0) at 2016.07.13-17.52.11
[2016.07.13-15.52.11:174][901]LogWorld: Bringing up level for play took: 0.001184
[2016.07.13-15.52.11:214][901]PIE: Info Play in editor start time for /Temp/UEDPIE_0_Untitled_1 1.105
[2016.07.13-15.53.19:822][800]BlueprintLog: New page: Compile VR_Pawn
[2016.07.13-15.53.19:879][800]BlueprintEditorCompileResults: Info [1309.75] Compile of VR_Pawn successful! [in 57 ms] (/Game/VR_Pawn.VR_Pawn)
[2016.07.13-15.53.21:015][932]Cmd: OBJ SAVEPACKAGE PACKAGE="/Game/VR_Pawn" FILE="X:/Users/Rutger/Documents/GitHub/BoardVR/BoardVR/Content/VR_Pawn.uasset" SILENT=true
[2016.07.13-15.53.21:025][932]LogSavePackage: Save=9.41ms
[2016.07.13-15.53.21:025][932]LogSavePackage: Moving 'X:/Users/Rutger/Documents/GitHub/BoardVR/BoardVR/Saved/VR_PawnC745B5284101AA91C35BD88C7BF965CF.tmp' to 'X:/Users/Rutger/Documents/GitHub/BoardVR/BoardVR/Content/VR_Pawn.uasset'
[2016.07.13-15.53.21:027][932]LogSavePackage:Display: Finished SavePackage X:/Users/Rutger/Documents/GitHub/BoardVR/BoardVR/Content/VR_Pawn.uasset
[2016.07.13-15.53.32:952][358]LogPlayLevel: PlayLevel: No blueprints needed recompiling
[2016.07.13-15.53.32:953][358]PIE: New page: PIE session: Untitled_1 (Jul 13, 2016, 6:53:32 PM)
[2016.07.13-15.53.32:953][358]LogPlayLevel: Creating play world package: /Temp/UEDPIE_0_Untitled_1
[2016.07.13-15.53.32:954][358]LogPlayLevel: PIE: StaticDuplicateObject took: (0.001419s)
[2016.07.13-15.53.32:955][358]LogAIModule: Creating AISystem for world Untitled_1
[2016.07.13-15.53.32:955][358]LogPlayLevel: PIE: World Init took: (0.000661s)
[2016.07.13-15.53.32:955][358]LogPlayLevel: PIE: Created PIE world by copying editor world from /Temp/Untitled_1.Untitled_1 to /Temp/UEDPIE_0_Untitled_1.Untitled_1 (0.002287s)
[2016.07.13-15.53.32:977][358]LogInit: XAudio2 using 'Luidsprekers (Logicool G430 Gaming Headset)' : 2 channels at 44.1 kHz using 16 bits per sample (channel mask 0x3)
[2016.07.13-15.53.32:982][358]LogInit: FAudioDevice initialized.
[2016.07.13-15.53.33:085][358]LogWorld: Game class is 'VR_GameMode_C'
[2016.07.13-15.53.33:087][358]LogWorld: Bringing World /Temp/UEDPIE_0_Untitled_1.Untitled_1 up for play (max tick rate 0) at 2016.07.13-17.53.33
[2016.07.13-15.53.33:087][358]LogWorld: Bringing up level for play took: 0.001127
[2016.07.13-15.53.33:129][358]PIE: Info Play in editor start time for /Temp/UEDPIE_0_Untitled_1 1.019
[2016.07.13-15.54.50:830][256]Cmd: OBJ SAVEPACKAGE PACKAGE="/Game/BaseLevel" FILE="X:/Users/Rutger/Documents/GitHub/BoardVR/BoardVR/Content/BaseLevel.umap" SILENT=true AUTOSAVING=false KEEPDIRTY=false
[2016.07.13-15.54.50:862][256]LogSavePackage: Save=18.26ms
[2016.07.13-15.54.50:862][256]LogSavePackage: Moving 'X:/Users/Rutger/Documents/GitHub/BoardVR/BoardVR/Saved/BaseLevel3A644036479E30C740F2A0A4F8EBE8C6.tmp' to 'X:/Users/Rutger/Documents/GitHub/BoardVR/BoardVR/Content/BaseLevel.umap'
[2016.07.13-15.54.50:863][256]LogSavePa